<?xml version="1.0" encoding="UTF-8"?>
<!-- Generated by org.testng.reporters.JUnitXMLReporter -->
<testsuite ignored="0" hostname="LAPTOP-B6MQFRDE" failures="1" tests="1" name="Test" time="67.852" errors="0" timestamp="2024-09-07T08:21:33 IST">
  <testcase classname="TestNGFinalScripts.createOrgnizationTest" name="createOrgnizationTest" time="45.228">
    <failure type="java.lang.AssertionError" message="expected [amdocs679679] but found [amdocs679]">
      <![CDATA[java.lang.AssertionError: expected [amdocs679679] but found [amdocs679]
at TestNGFinalScripts.createOrgnizationTest.createOrgnizationTest(createOrgnizationTest.java:80)
at java.base/java.util.ArrayList.forEach(ArrayList.java:1511)
... Removed 31 stack frames]]>
    </failure>
  </testcase> <!-- createOrgnizationTest -->
</testsuite> <!-- Test -->
